<?xml version="1.0" encoding="UTF-8"?>
<!-- Generated by org.testng.reporters.JUnitReportReporter -->
<testsuite hostname="EPINHYDW0436" failures="0" tests="1" name="test1" time="0.005" errors="0" timestamp="2023-11-15T17:13:17 IST" skipped="0">
  <testcase classname="test1" name="printHello" time="0.005"/>
  <system-out/>
</testsuite> <!-- test1 -->
