<?xml version="1.0" encoding="UTF-8"?>
<!-- Generated by org.testng.reporters.JUnitReportReporter -->
<testsuite hostname="EPINHYDW0436" failures="0" tests="1" name="test1" time="0.316" errors="0" timestamp="2023-11-15T18:24:22 IST" skipped="0">
  <testcase classname="test1" name="printHello" time="0.316"/>
  <system-out/>
</testsuite> <!-- test1 -->
